{
  "RSpec": {
    "coverage": {
      "/Users/mattburgoyne/Desktop/Projects/bank_test_ruby/spec/bank_spec.rb": [
        1,
        1,
        1,
        18,
        1,
        17,
        17,
        null,
        1,
        17,
        17,
        null,
        1,
        1,
        null,
        1,
        null,
        null,
        2,
        null,
        1,
        null,
        1,
        null,
        1,
        null,
        1,
        1,
        null,
        1,
        2,
        null,
        1,
        2,
        null,
        1,
        null,
        1,
        null,
        1,
        null,
        1,
        null,
        1,
        2,
        null,
        1,
        1,
        2,
        null,
        1,
        2,
        null,
        1,
        1,
        1,
        null,
        1,
        1,
        2,
        null,
        1,
        1,
        null,
        1,
        null,
        1,
        1,
        null,
        1,
        null,
        1,
        null,
        1,
        1,
        2,
        null,
        1,
        null,
        1,
        1,
        1,
        1,
        1,
        1,
        1,
        1,
        1,
        1,
        null,
        1,
        null,
        1,
        1,
        1,
        1,
        1,
        1,
        1,
        1,
        1,
        1,
        null,
        null
      ],
      "/Users/mattburgoyne/Desktop/Projects/bank_test_ruby/lib/bank.rb": [
        1,
        1,
        1,
        19,
        19,
        null,
        19,
        null,
        1,
        1,
        1,
        1,
        1,
        null,
        1,
        1,
        2,
        null,
        1,
        1,
        1,
        1,
        1,
        null,
        1,
        1,
        1,
        null,
        1,
        1,
        0,
        null,
        0,
        null,
        null,
        1,
        4,
        1,
        null,
        3,
        null,
        null,
        1,
        2,
        null,
        1,
        2,
        null,
        1,
        3,
        3,
        3,
        0,
        0,
        null,
        3,
        null,
        1,
        2,
        null,
        1,
        2,
        null,
        1,
        3,
        2,
        2,
        null,
        1,
        null,
        null,
        1,
        2,
        null,
        1,
        1,
        null,
        1,
        2,
        2,
        2,
        null,
        0,
        0,
        null,
        null,
        1,
        1,
        null,
        1,
        2,
        null,
        1,
        2,
        2,
        null,
        null,
        1,
        null,
        1,
        2,
        null,
        null,
        1,
        2,
        2,
        2,
        0,
        0,
        null,
        null,
        1,
        1,
        1,
        1,
        null
      ]
    },
    "timestamp": 1527165666
  }
}
